<?xml version="1.0" encoding="UTF-8"?>
<!-- Generated by org.testng.reporters.JUnitReportReporter -->
<testsuite skipped="0" hostname="Bo2loz-Weasley" name="TestCases.trial" tests="1" failures="0" timestamp="15 Mar 2020 21:52:11 GMT" time="0.017" errors="0">
  <testcase name="bla" time="0.017" classname="TestCases.trial"/>
</testsuite> <!-- TestCases.trial -->
