<?xml version="1.0" encoding="UTF-8"?>
<!-- Generated by org.testng.reporters.JUnitReportReporter -->
<testsuite skipped="0" hostname="Bo2loz-Weasley" name="TestCases.SampleTestCase" tests="1" failures="0" timestamp="15 Mar 2020 22:08:23 GMT" time="180.772" errors="0">
  <testcase name="execution" time="180.772" classname="TestCases.SampleTestCase"/>
</testsuite> <!-- TestCases.SampleTestCase -->
